mode: set
github.com/zjykzk/rocketmq-client-go/fastjson/parse.go:9.45,11.49 2 1
github.com/zjykzk/rocketmq-client-go/fastjson/parse.go:49.2,49.74 1 0
github.com/zjykzk/rocketmq-client-go/fastjson/parse.go:11.49,17.23 2 1
github.com/zjykzk/rocketmq-client-go/fastjson/parse.go:42.3,42.17 1 1
github.com/zjykzk/rocketmq-client-go/fastjson/parse.go:45.3,46.9 2 1
github.com/zjykzk/rocketmq-client-go/fastjson/parse.go:18.12,19.33 1 1
github.com/zjykzk/rocketmq-client-go/fastjson/parse.go:20.12,21.32 1 1
github.com/zjykzk/rocketmq-client-go/fastjson/parse.go:22.12,23.33 1 1
github.com/zjykzk/rocketmq-client-go/fastjson/parse.go:24.62,25.33 1 1
github.com/zjykzk/rocketmq-client-go/fastjson/parse.go:26.12,28.12 2 1
github.com/zjykzk/rocketmq-client-go/fastjson/parse.go:29.12,30.17 1 1
github.com/zjykzk/rocketmq-client-go/fastjson/parse.go:31.11,32.32 1 1
github.com/zjykzk/rocketmq-client-go/fastjson/parse.go:37.4,39.5 1 0
github.com/zjykzk/rocketmq-client-go/fastjson/parse.go:32.32,34.13 2 1
github.com/zjykzk/rocketmq-client-go/fastjson/parse.go:42.17,44.4 1 0
github.com/zjykzk/rocketmq-client-go/fastjson/parse.go:54.55,58.47 3 1
github.com/zjykzk/rocketmq-client-go/fastjson/parse.go:82.2,82.75 1 0
github.com/zjykzk/rocketmq-client-go/fastjson/parse.go:58.47,59.23 1 1
github.com/zjykzk/rocketmq-client-go/fastjson/parse.go:60.22,64.18 3 1
github.com/zjykzk/rocketmq-client-go/fastjson/parse.go:67.4,69.16 2 1
github.com/zjykzk/rocketmq-client-go/fastjson/parse.go:74.12,75.17 1 1
github.com/zjykzk/rocketmq-client-go/fastjson/parse.go:76.11,79.5 1 0
github.com/zjykzk/rocketmq-client-go/fastjson/parse.go:64.18,66.5 1 0
github.com/zjykzk/rocketmq-client-go/fastjson/parse.go:69.16,71.5 1 1
github.com/zjykzk/rocketmq-client-go/fastjson/parse.go:71.10,73.5 1 1
github.com/zjykzk/rocketmq-client-go/fastjson/parse.go:85.48,86.32 1 1
github.com/zjykzk/rocketmq-client-go/fastjson/parse.go:104.2,104.77 1 0
github.com/zjykzk/rocketmq-client-go/fastjson/parse.go:86.32,87.21 1 1
github.com/zjykzk/rocketmq-client-go/fastjson/parse.go:88.41,91.18 3 1
github.com/zjykzk/rocketmq-client-go/fastjson/parse.go:94.4,94.10 1 1
github.com/zjykzk/rocketmq-client-go/fastjson/parse.go:95.17,96.30 1 1
github.com/zjykzk/rocketmq-client-go/fastjson/parse.go:97.11,100.5 1 0
github.com/zjykzk/rocketmq-client-go/fastjson/parse.go:91.18,93.5 1 1
github.com/zjykzk/rocketmq-client-go/fastjson/parse.go:107.44,114.39 2 1
github.com/zjykzk/rocketmq-client-go/fastjson/parse.go:140.2,140.71 1 1
github.com/zjykzk/rocketmq-client-go/fastjson/parse.go:114.39,115.23 1 1
github.com/zjykzk/rocketmq-client-go/fastjson/parse.go:136.3,136.17 1 1
github.com/zjykzk/rocketmq-client-go/fastjson/parse.go:116.12,117.33 1 1
github.com/zjykzk/rocketmq-client-go/fastjson/parse.go:118.12,119.32 1 1
github.com/zjykzk/rocketmq-client-go/fastjson/parse.go:120.12,121.33 1 1
github.com/zjykzk/rocketmq-client-go/fastjson/parse.go:122.62,123.33 1 1
github.com/zjykzk/rocketmq-client-go/fastjson/parse.go:124.22,125.20 1 1
github.com/zjykzk/rocketmq-client-go/fastjson/parse.go:126.11,127.32 1 1
github.com/zjykzk/rocketmq-client-go/fastjson/parse.go:131.4,133.5 1 0
github.com/zjykzk/rocketmq-client-go/fastjson/parse.go:127.32,129.13 2 1
github.com/zjykzk/rocketmq-client-go/fastjson/parse.go:136.17,138.4 1 1
github.com/zjykzk/rocketmq-client-go/fastjson/parse.go:143.48,146.25 2 1
github.com/zjykzk/rocketmq-client-go/fastjson/parse.go:153.2,153.29 1 1
github.com/zjykzk/rocketmq-client-go/fastjson/parse.go:163.2,163.24 1 1
github.com/zjykzk/rocketmq-client-go/fastjson/parse.go:167.2,167.31 1 1
github.com/zjykzk/rocketmq-client-go/fastjson/parse.go:146.25,147.18 1 1
github.com/zjykzk/rocketmq-client-go/fastjson/parse.go:147.18,149.9 2 1
github.com/zjykzk/rocketmq-client-go/fastjson/parse.go:153.29,154.18 1 1
github.com/zjykzk/rocketmq-client-go/fastjson/parse.go:154.18,155.31 1 1
github.com/zjykzk/rocketmq-client-go/fastjson/parse.go:158.4,159.9 2 1
github.com/zjykzk/rocketmq-client-go/fastjson/parse.go:155.31,156.13 1 1
github.com/zjykzk/rocketmq-client-go/fastjson/parse.go:163.24,165.3 1 1
github.com/zjykzk/rocketmq-client-go/fastjson/parse.go:170.48,171.22 1 1
github.com/zjykzk/rocketmq-client-go/fastjson/parse.go:188.2,188.23 1 1
github.com/zjykzk/rocketmq-client-go/fastjson/parse.go:171.22,172.10 1 1
github.com/zjykzk/rocketmq-client-go/fastjson/parse.go:173.29,173.29 0 1
github.com/zjykzk/rocketmq-client-go/fastjson/parse.go:174.29,174.29 0 1
github.com/zjykzk/rocketmq-client-go/fastjson/parse.go:175.29,175.29 0 1
github.com/zjykzk/rocketmq-client-go/fastjson/parse.go:176.17,176.17 0 1
github.com/zjykzk/rocketmq-client-go/fastjson/parse.go:177.11,178.14 1 1
github.com/zjykzk/rocketmq-client-go/fastjson/parse.go:184.4,184.25 1 1
github.com/zjykzk/rocketmq-client-go/fastjson/parse.go:178.14,182.5 1 1
github.com/zjykzk/rocketmq-client-go/fastjson/parse.go:191.47,197.39 2 1
github.com/zjykzk/rocketmq-client-go/fastjson/parse.go:221.2,221.79 1 1
github.com/zjykzk/rocketmq-client-go/fastjson/parse.go:197.39,198.21 1 1
github.com/zjykzk/rocketmq-client-go/fastjson/parse.go:216.3,216.17 1 1
github.com/zjykzk/rocketmq-client-go/fastjson/parse.go:199.57,201.12 2 1
github.com/zjykzk/rocketmq-client-go/fastjson/parse.go:202.17,203.30 1 1
github.com/zjykzk/rocketmq-client-go/fastjson/parse.go:204.43,205.33 1 1
github.com/zjykzk/rocketmq-client-go/fastjson/parse.go:206.17,207.33 1 1
github.com/zjykzk/rocketmq-client-go/fastjson/parse.go:208.17,209.33 1 1
github.com/zjykzk/rocketmq-client-go/fastjson/parse.go:210.11,213.5 1 1
github.com/zjykzk/rocketmq-client-go/fastjson/parse.go:216.17,218.4 1 1
github.com/zjykzk/rocketmq-client-go/fastjson/parse.go:224.34,226.41 2 1
github.com/zjykzk/rocketmq-client-go/fastjson/parse.go:228.2,228.10 1 1
github.com/zjykzk/rocketmq-client-go/fastjson/parse.go:226.42,227.3 0 1
